<?xml version="1.0" encoding="UTF-8"?>
<!-- Generated by org.testng.reporters.JUnitXMLReporter -->
<testsuite hostname="Shikha" ignored="0" name="Default test" tests="5" failures="0" timestamp="28 Apr 2018 19:45:53 GMT" time="21.68" errors="0">
  <testcase name="verifyPageTitle" time="0.072" classname="com.fastspring.testcase.Test_Cart_Checkout"/>
  <testcase name="verifyChangeCountry" time="2.796" classname="com.fastspring.testcase.Test_Cart_Checkout"/>
  <testcase name="fillCheckoutDetails" time="3.528" classname="com.fastspring.testcase.Test_Cart_Checkout"/>
  <testcase name="verifyTaxAmount" time="0.991" classname="com.fastspring.testcase.Test_Cart_Checkout"/>
  <testcase name="submitpayment" time="3.569" classname="com.fastspring.testcase.Test_Cart_Checkout"/>
</testsuite> <!-- Default test -->
