<?xml version="1.0" encoding="UTF-8"?>
<!-- Generated by org.testng.reporters.JUnitXMLReporter -->
<testsuite hostname="Shikha" ignored="0" name="Test" tests="3" failures="0" timestamp="27 Apr 2018 00:58:13 GMT" time="23.7" errors="0">
  <testcase name="verifyPageTitle" time="0.022" classname="com.fastspring.testcase.Cart_Checkout"/>
  <testcase name="verifyChangeCountry" time="5.707" classname="com.fastspring.testcase.Cart_Checkout"/>
  <testcase name="verifyCheckoutfunctionality" time="7.543" classname="com.fastspring.testcase.Cart_Checkout"/>
</testsuite> <!-- Test -->
