<?xml version="1.0" encoding="UTF-8"?>
<!-- Generated by org.testng.reporters.JUnitXMLReporter -->
<testsuite hostname="Shikha" ignored="0" name="Default test" tests="2" failures="0" timestamp="29 Apr 2018 20:49:30 GMT" time="14.092" errors="0">
  <testcase name="verifyPageTitle" time="0.111" classname="com.fastspring.testcase.Test_Cart_Checkout"/>
  <testcase name="verifyChangeCountry" time="2.939" classname="com.fastspring.testcase.Test_Cart_Checkout"/>
</testsuite> <!-- Default test -->
