<?xml version="1.0" encoding="UTF-8"?>
<testng-results skipped="0" failed="0" ignored="0" total="5" passed="5">
  <reporter-output>
  </reporter-output>
  <suite name="Automationsuite" duration-ms="24464" started-at="2018-04-30T20:24:35Z" finished-at="2018-04-30T20:25:00Z">
    <groups>
    </groups>
    <test name="testngTest" duration-ms="24464" started-at="2018-04-30T20:24:35Z" finished-at="2018-04-30T20:25:00Z">
      <class name="com.fastspring.testcase.Test_Cart_Checkout">
        <test-method status="PASS" signature="launchBrowser()[pri:0, instance:com.fastspring.testcase.Test_Cart_Checkout@527740a2]" name="launchBrowser" is-config="true" duration-ms="10978" started-at="2018-04-30T20:24:35Z" finished-at="2018-04-30T20:24:46Z">
          <reporter-output>
          </reporter-output>
        </test-method> <!-- launchBrowser -->
        <test-method status="PASS" signature="verifyPageTitle()[pri:0, instance:com.fastspring.testcase.Test_Cart_Checkout@527740a2]" name="verifyPageTitle" duration-ms="142" started-at="2018-04-30T20:24:46Z" finished-at="2018-04-30T20:24:46Z">
          <reporter-output>
          </reporter-output>
        </test-method> <!-- verifyPageTitle -->
        <test-method status="PASS" signature="verifyChangeCountry()[pri:1, instance:com.fastspring.testcase.Test_Cart_Checkout@527740a2]" name="verifyChangeCountry" duration-ms="3049" started-at="2018-04-30T20:24:46Z" finished-at="2018-04-30T20:24:49Z">
          <reporter-output>
          </reporter-output>
        </test-method> <!-- verifyChangeCountry -->
        <test-method status="PASS" signature="fillCheckoutDetails()[pri:2, instance:com.fastspring.testcase.Test_Cart_Checkout@527740a2]" name="fillCheckoutDetails" duration-ms="3253" started-at="2018-04-30T20:24:50Z" depends-on-methods="com.fastspring.testcase.Test_Cart_Checkout.verifyChangeCountry" finished-at="2018-04-30T20:24:53Z">
          <reporter-output>
          </reporter-output>
        </test-method> <!-- fillCheckoutDetails -->
        <test-method status="PASS" signature="verifyTaxAmount()[pri:3, instance:com.fastspring.testcase.Test_Cart_Checkout@527740a2]" name="verifyTaxAmount" duration-ms="1045" started-at="2018-04-30T20:24:53Z" depends-on-methods="com.fastspring.testcase.Test_Cart_Checkout.fillCheckoutDetails" finished-at="2018-04-30T20:24:54Z">
          <reporter-output>
          </reporter-output>
        </test-method> <!-- verifyTaxAmount -->
        <test-method status="PASS" signature="submitpayment()[pri:4, instance:com.fastspring.testcase.Test_Cart_Checkout@527740a2]" name="submitpayment" duration-ms="5475" started-at="2018-04-30T20:24:54Z" depends-on-methods="com.fastspring.testcase.Test_Cart_Checkout.verifyTaxAmount" finished-at="2018-04-30T20:24:59Z">
          <reporter-output>
          </reporter-output>
        </test-method> <!-- submitpayment -->
        <test-method status="PASS" signature="terminateBrowser()[pri:0, instance:com.fastspring.testcase.Test_Cart_Checkout@527740a2]" name="terminateBrowser" is-config="true" duration-ms="420" started-at="2018-04-30T20:24:59Z" finished-at="2018-04-30T20:25:00Z">
          <reporter-output>
          </reporter-output>
        </test-method> <!-- terminateBrowser -->
      </class> <!-- com.fastspring.testcase.Test_Cart_Checkout -->
    </test> <!-- testngTest -->
  </suite> <!-- Automationsuite -->
</testng-results>
